<?xml version="1.0" encoding="UTF-8"?>
<!-- Generated by org.testng.reporters.JUnitXMLReporter -->
<testsuite ignored="0" hostname="DESKTOP-5GIMOV4" failures="0" tests="4" name="Default test" time="11.856" errors="0" timestamp="2024-01-16T22:03:58 IST">
  <testcase classname="Employee.info.java.Employees" name="launch" time="11.717"/>
  <testcase classname="Employee.info.java.Employees" name="test1" time="0.004"/>
  <testcase classname="Employee.info.java.Employees" name="test2" time="0.003"/>
  <testcase classname="Employee.info.java.Employees" name="test3" time="0.002"/>
</testsuite> <!-- Default test -->
