<?xml version="1.0" encoding="UTF-8"?>
<!-- Generated by org.testng.reporters.JUnitXMLReporter -->
<testsuite ignored="0" hostname="DESKTOP-5GIMOV4" failures="0" tests="3" name="Default test" time="8.662" errors="0" timestamp="2024-01-16T17:39:18 IST">
  <testcase classname="Employee.info.java.Employees" name="test1" time="0.067"/>
  <testcase classname="Employee.info.java.Employees" name="test2" time="0.012"/>
  <testcase classname="Employee.info.java.Employees" name="test3" time="0.006"/>
</testsuite> <!-- Default test -->
