<?xml version="1.0" encoding="UTF-8"?>
<!-- Generated by org.testng.reporters.JUnitXMLReporter -->
<testsuite ignored="0" hostname="DESKTOP-5GIMOV4" failures="0" tests="3" name="Test" time="5.253" errors="0" timestamp="2024-01-16T17:57:25 IST">
  <testcase classname="Employee.info.java.Employees" name="test1" time="0.088"/>
  <testcase classname="Employee.info.java.Employees" name="test2" time="0.004"/>
  <testcase classname="Employee.info.java.Employees" name="test3" time="0.006"/>
</testsuite> <!-- Test -->
