<?xml version="1.0" encoding="UTF-8"?>
<!-- Generated by org.testng.reporters.JUnitXMLReporter -->
<testsuite ignored="0" hostname="DESKTOP-5GIMOV4" failures="0" tests="4" name="Test" time="7.157" errors="0" timestamp="2024-01-18T17:14:21 IST">
  <testcase classname="Employee.info.java.Employees" name="launch" time="7.045"/>
  <testcase classname="Employee.info.java.Employees" name="test1" time="0.004"/>
  <testcase classname="Employee.info.java.Employees" name="test2" time="0.001"/>
  <testcase classname="Employee.info.java.Employees" name="test3" time="0.0"/>
</testsuite> <!-- Test -->
