<?xml version="1.0" encoding="UTF-8"?>
<testng-results ignored="0" total="3" passed="3" failed="0" skipped="0">
  <reporter-output>
  </reporter-output>
  <suite started-at="2024-01-16T17:47:11 IST" name="Suite" finished-at="2024-01-16T17:47:17 IST" duration-ms="6182">
    <groups>
    </groups>
    <test started-at="2024-01-16T17:47:11 IST" name="Test" finished-at="2024-01-16T17:47:17 IST" duration-ms="6182">
      <class name="Employee.info.java.Employees">
        <test-method is-config="true" signature="launch()[pri:0, instance:Employee.info.java.Employees@70e9c95d]" started-at="2024-01-16T17:47:11 IST" name="launch" finished-at="2024-01-16T17:47:17 IST" duration-ms="5888" status="PASS">
          <reporter-output>
          </reporter-output>
        </test-method> <!-- launch -->
        <test-method signature="test1()[pri:0, instance:Employee.info.java.Employees@70e9c95d]" started-at="2024-01-16T17:47:17 IST" name="test1" finished-at="2024-01-16T17:47:17 IST" duration-ms="15" status="PASS">
          <reporter-output>
          </reporter-output>
        </test-method> <!-- test1 -->
        <test-method signature="test2()[pri:0, instance:Employee.info.java.Employees@70e9c95d]" started-at="2024-01-16T17:47:17 IST" name="test2" finished-at="2024-01-16T17:47:17 IST" duration-ms="2" status="PASS">
          <reporter-output>
          </reporter-output>
        </test-method> <!-- test2 -->
        <test-method signature="test3()[pri:0, instance:Employee.info.java.Employees@70e9c95d]" started-at="2024-01-16T17:47:17 IST" name="test3" finished-at="2024-01-16T17:47:17 IST" duration-ms="1" status="PASS">
          <reporter-output>
          </reporter-output>
        </test-method> <!-- test3 -->
      </class> <!-- Employee.info.java.Employees -->
    </test> <!-- Test -->
  </suite> <!-- Suite -->
</testng-results>
