<?xml version="1.0" encoding="UTF-8"?>
<testng-results ignored="0" total="4" passed="4" failed="0" skipped="0">
  <reporter-output>
  </reporter-output>
  <suite started-at="2024-01-18T17:14:14 IST" name="Suite" finished-at="2024-01-18T17:14:21 IST" duration-ms="7157">
    <groups>
    </groups>
    <test started-at="2024-01-18T17:14:14 IST" name="Test" finished-at="2024-01-18T17:14:21 IST" duration-ms="7157">
      <class name="Employee.info.java.Employees">
        <test-method signature="launch()[pri:0, instance:Employee.info.java.Employees@194bcebf]" started-at="2024-01-18T17:14:14 IST" name="launch" finished-at="2024-01-18T17:14:21 IST" duration-ms="7045" status="PASS">
          <reporter-output>
          </reporter-output>
        </test-method> <!-- launch -->
        <test-method signature="test1()[pri:0, instance:Employee.info.java.Employees@194bcebf]" started-at="2024-01-18T17:14:21 IST" name="test1" finished-at="2024-01-18T17:14:21 IST" duration-ms="4" status="PASS">
          <reporter-output>
          </reporter-output>
        </test-method> <!-- test1 -->
        <test-method signature="test2()[pri:0, instance:Employee.info.java.Employees@194bcebf]" started-at="2024-01-18T17:14:21 IST" name="test2" finished-at="2024-01-18T17:14:21 IST" duration-ms="1" status="PASS">
          <reporter-output>
          </reporter-output>
        </test-method> <!-- test2 -->
        <test-method signature="test3()[pri:0, instance:Employee.info.java.Employees@194bcebf]" started-at="2024-01-18T17:14:21 IST" name="test3" finished-at="2024-01-18T17:14:21 IST" duration-ms="0" status="PASS">
          <reporter-output>
          </reporter-output>
        </test-method> <!-- test3 -->
      </class> <!-- Employee.info.java.Employees -->
    </test> <!-- Test -->
  </suite> <!-- Suite -->
</testng-results>
