<?xml version="1.0" encoding="UTF-8"?>
<testng-results ignored="0" total="3" passed="3" failed="0" skipped="0">
  <reporter-output>
  </reporter-output>
  <suite started-at="2024-01-16T17:57:19 IST" name="Suite" finished-at="2024-01-16T17:57:25 IST" duration-ms="5253">
    <groups>
    </groups>
    <test started-at="2024-01-16T17:57:19 IST" name="Test" finished-at="2024-01-16T17:57:25 IST" duration-ms="5253">
      <class name="Employee.info.java.Employees">
        <test-method is-config="true" signature="launch()[pri:0, instance:Employee.info.java.Employees@24569dba]" started-at="2024-01-16T17:57:19 IST" name="launch" finished-at="2024-01-16T17:57:24 IST" duration-ms="4944" status="PASS">
          <reporter-output>
          </reporter-output>
        </test-method> <!-- launch -->
        <test-method signature="test1()[pri:0, instance:Employee.info.java.Employees@24569dba]" started-at="2024-01-16T17:57:24 IST" name="test1" finished-at="2024-01-16T17:57:24 IST" duration-ms="88" status="PASS">
          <reporter-output>
          </reporter-output>
        </test-method> <!-- test1 -->
        <test-method signature="test2()[pri:0, instance:Employee.info.java.Employees@24569dba]" started-at="2024-01-16T17:57:25 IST" name="test2" finished-at="2024-01-16T17:57:25 IST" duration-ms="4" status="PASS">
          <reporter-output>
          </reporter-output>
        </test-method> <!-- test2 -->
        <test-method signature="test3()[pri:0, instance:Employee.info.java.Employees@24569dba]" started-at="2024-01-16T17:57:25 IST" name="test3" finished-at="2024-01-16T17:57:25 IST" duration-ms="6" status="PASS">
          <reporter-output>
          </reporter-output>
        </test-method> <!-- test3 -->
      </class> <!-- Employee.info.java.Employees -->
    </test> <!-- Test -->
  </suite> <!-- Suite -->
</testng-results>
