<?xml version="1.0" encoding="UTF-8"?>
<testng-results ignored="0" total="2" passed="2" failed="0" skipped="0">
  <reporter-output>
  </reporter-output>
  <suite started-at="2024-01-19T15:49:20 IST" name="Default suite" finished-at="2024-01-19T15:49:25 IST" duration-ms="4780">
    <groups>
    </groups>
    <test started-at="2024-01-19T15:49:20 IST" name="Default test" finished-at="2024-01-19T15:49:25 IST" duration-ms="4780">
      <class name="Employee.info.java.Employees">
        <test-method signature="launch()[pri:0, instance:Employee.info.java.Employees@1cf6d1be]" started-at="2024-01-19T15:49:20 IST" name="launch" finished-at="2024-01-19T15:49:24 IST" duration-ms="3992" status="PASS">
          <reporter-output>
          </reporter-output>
        </test-method> <!-- launch -->
        <test-method signature="user_name()[pri:0, instance:Employee.info.java.Employees@1cf6d1be]" started-at="2024-01-19T15:49:24 IST" name="user_name" finished-at="2024-01-19T15:49:25 IST" duration-ms="654" status="PASS">
          <reporter-output>
          </reporter-output>
        </test-method> <!-- user_name -->
      </class> <!-- Employee.info.java.Employees -->
    </test> <!-- Default test -->
  </suite> <!-- Default suite -->
</testng-results>
